Arguments: 
  /usr/local/bin/node /Users/serusko/.yarn/bin/yarn.js publish

PATH: 
  /Users/serusko/.yarn/bin:/Users/serusko/.config/yarn/global/node_modules/.bin:/usr/local/bin:/usr/bin:/bin:/usr/sbin:/sbin:/Library/Apple/usr/bin:/Users/serusko/.yarn/bin:/Users/serusko/.config/yarn/global/node_modules/.bin

Yarn version: 
  1.22.4

Node version: 
  14.3.0

Platform: 
  darwin x64

Trace: 
  Error: canceled
      at Interface.<anonymous> (/Users/serusko/.yarn/lib/cli.js:137008:13)
      at Interface.emit (events.js:315:20)
      at Interface._ttyWrite (readline.js:873:16)
      at ReadStream.onkeypress (readline.js:213:10)
      at ReadStream.emit (events.js:315:20)
      at emitKeys (internal/readline/utils.js:335:14)
      at emitKeys.next (<anonymous>)
      at ReadStream.onData (readline.js:1140:36)
      at ReadStream.emit (events.js:315:20)
      at addChunk (_stream_readable.js:302:12)

npm manifest: 
  {
    "name": "@serusko/cra-template-common",
    "repository": {
      "type": "git",
      "url" : "https://github.com/serusko/cra-template-common"
    },
    "version": "1.0.3",
    "keywords": [
      "react",
      "create-react-app",
      "template",
      "typescript"
    ],
    "description": "The base TypeScript template for Create React App.",
    "main": "template.json",
    "license": "MIT",
    "engines": {
      "node": ">=12"
    },
    "files": [
      "template",
      "template.json"
    ]
  }

yarn manifest: 
  No manifest

Lockfile: 
  No lockfile
